[2014-04-07 17:52:41] System.DEBUG: logger initialised: System (\Monolog\Logger) [] []
[2014-04-07 17:52:56] System.DEBUG: logger initialised: System (\Monolog\Logger) [] []
[2014-04-07 17:52:56] System.DEBUG: starting httpServer (TechDivision\WebServer\Servers\MultiThreadedServer) [] []
[2014-04-07 17:52:56] System.DEBUG: httpServer init authentication module (\TechDivision\WebServer\Modules\AuthenticationModule) [] []
[2014-04-07 17:52:56] System.DEBUG: starting httpsServer (TechDivision\WebServer\Servers\MultiThreadedServer) [] []
[2014-04-07 17:52:56] System.DEBUG: httpServer init virtualHost module (\TechDivision\WebServer\Modules\VirtualHostModule) [] []
[2014-04-07 17:52:56] System.DEBUG: httpsServer init authentication module (\TechDivision\WebServer\Modules\AuthenticationModule) [] []
[2014-04-07 17:52:56] System.DEBUG: httpsServer init virtualHost module (\TechDivision\WebServer\Modules\VirtualHostModule) [] []
[2014-04-07 17:52:56] System.DEBUG: httpServer init environmentVariable module (\TechDivision\WebServer\Modules\EnvironmentVariableModule) [] []
[2014-04-07 17:52:56] System.DEBUG: httpsServer init environmentVariable module (\TechDivision\WebServer\Modules\EnvironmentVariableModule) [] []
[2014-04-07 17:52:56] System.DEBUG: httpServer init rewrite module (\TechDivision\RewriteModule\RewriteModule) [] []
[2014-04-07 17:52:56] System.DEBUG: httpsServer init rewrite module (\TechDivision\RewriteModule\RewriteModule) [] []
[2014-04-07 17:52:56] System.DEBUG: httpServer init directory module (\TechDivision\WebServer\Modules\DirectoryModule) [] []
[2014-04-07 17:52:56] System.DEBUG: httpsServer init directory module (\TechDivision\WebServer\Modules\DirectoryModule) [] []
[2014-04-07 17:52:56] System.DEBUG: httpServer init access module (\TechDivision\WebServer\Modules\AccessModule) [] []
[2014-04-07 17:52:56] System.DEBUG: httpsServer init access module (\TechDivision\WebServer\Modules\AccessModule) [] []
[2014-04-07 17:52:56] System.DEBUG: httpServer init core module (\TechDivision\WebServer\Modules\CoreModule) [] []
[2014-04-07 17:52:56] System.DEBUG: httpsServer init core module (\TechDivision\WebServer\Modules\CoreModule) [] []
[2014-04-07 17:52:56] System.DEBUG: httpServer init php module (\TechDivision\PhpModule\PhpModule) [] []
[2014-04-07 17:52:56] System.DEBUG: httpsServer init php module (\TechDivision\PhpModule\PhpModule) [] []
[2014-04-07 17:52:56] System.DEBUG: httpServer init connectionHandler (\TechDivision\Http\HttpConnectionHandler) [] []
[2014-04-07 17:52:56] System.DEBUG: httpsServer init connectionHandler (\TechDivision\Http\HttpConnectionHandler) [] []
[2014-04-07 17:52:56] System.DEBUG: httpsServer starting 128 workers (\TechDivision\WebServer\Workers\ThreadWorker) [] []
[2014-04-07 17:52:56] System.DEBUG: httpServer starting 128 workers (\TechDivision\WebServer\Workers\ThreadWorker) [] []
[2014-04-07 17:52:57] System.INFO: httpServer listing on 0.0.0.0:9080... [] []
[2014-04-07 17:52:57] System.INFO: httpsServer listing on 0.0.0.0:9443... [] []
