[2014-04-07 22:25:00] System.DEBUG: logger initialised: System (\Monolog\Logger) [] []
[2014-04-07 22:25:00] System.DEBUG: starting httpServer (TechDivision\WebServer\Servers\MultiThreadedServer) [] []
[2014-04-07 22:25:00] System.DEBUG: httpServer init authentication module (\TechDivision\WebServer\Modules\AuthenticationModule) [] []
[2014-04-07 22:25:00] System.DEBUG: httpServer init virtualHost module (\TechDivision\WebServer\Modules\VirtualHostModule) [] []
[2014-04-07 22:25:00] System.DEBUG: starting httpsServer (TechDivision\WebServer\Servers\MultiThreadedServer) [] []
[2014-04-07 22:25:00] System.DEBUG: httpsServer init authentication module (\TechDivision\WebServer\Modules\AuthenticationModule) [] []
[2014-04-07 22:25:00] System.DEBUG: httpsServer init virtualHost module (\TechDivision\WebServer\Modules\VirtualHostModule) [] []
[2014-04-07 22:25:00] System.DEBUG: httpServer init environmentVariable module (\TechDivision\WebServer\Modules\EnvironmentVariableModule) [] []
[2014-04-07 22:25:00] System.DEBUG: httpsServer init environmentVariable module (\TechDivision\WebServer\Modules\EnvironmentVariableModule) [] []
[2014-04-07 22:25:00] System.DEBUG: httpServer init rewrite module (\TechDivision\RewriteModule\RewriteModule) [] []
[2014-04-07 22:25:00] System.DEBUG: httpsServer init rewrite module (\TechDivision\RewriteModule\RewriteModule) [] []
[2014-04-07 22:25:00] System.DEBUG: httpServer init directory module (\TechDivision\WebServer\Modules\DirectoryModule) [] []
[2014-04-07 22:25:00] System.DEBUG: httpsServer init directory module (\TechDivision\WebServer\Modules\DirectoryModule) [] []
[2014-04-07 22:25:00] System.DEBUG: httpServer init access module (\TechDivision\WebServer\Modules\AccessModule) [] []
[2014-04-07 22:25:00] System.DEBUG: httpsServer init access module (\TechDivision\WebServer\Modules\AccessModule) [] []
[2014-04-07 22:25:00] System.DEBUG: httpServer init core module (\TechDivision\WebServer\Modules\CoreModule) [] []
[2014-04-07 22:25:00] System.DEBUG: httpsServer init core module (\TechDivision\WebServer\Modules\CoreModule) [] []
[2014-04-07 22:25:00] System.DEBUG: httpServer init php module (\TechDivision\PhpModule\PhpModule) [] []
[2014-04-07 22:25:00] System.DEBUG: httpsServer init php module (\TechDivision\PhpModule\PhpModule) [] []
[2014-04-07 22:25:00] System.DEBUG: httpServer init connectionHandler (\TechDivision\Http\HttpConnectionHandler) [] []
[2014-04-07 22:25:00] System.DEBUG: httpsServer init connectionHandler (\TechDivision\Http\HttpConnectionHandler) [] []
[2014-04-07 22:25:00] System.DEBUG: httpsServer starting 128 workers (\TechDivision\WebServer\Workers\ThreadWorker) [] []
[2014-04-07 22:25:00] System.DEBUG: httpServer starting 128 workers (\TechDivision\WebServer\Workers\ThreadWorker) [] []
[2014-04-07 22:25:02] System.INFO: httpServer listing on 0.0.0.0:9080... [] []
[2014-04-07 22:25:02] System.INFO: httpsServer listing on 0.0.0.0:9443... [] []
[2014-04-08 00:55:01] System.DEBUG: httpServer restarting worker #17 (\TechDivision\WebServer\Workers\ThreadWorker) [] []
[2014-04-08 00:55:01] System.DEBUG: httpsServer restarting worker #26 (\TechDivision\WebServer\Workers\ThreadWorker) [] []
[2014-04-08 00:55:01] System.DEBUG: httpServer restarting worker #23 (\TechDivision\WebServer\Workers\ThreadWorker) [] []
[2014-04-08 00:55:01] System.DEBUG: httpServer restarting worker #44 (\TechDivision\WebServer\Workers\ThreadWorker) [] []
[2014-04-08 00:55:02] System.DEBUG: httpsServer restarting worker #70 (\TechDivision\WebServer\Workers\ThreadWorker) [] []
[2014-04-08 00:55:02] System.DEBUG: httpsServer restarting worker #83 (\TechDivision\WebServer\Workers\ThreadWorker) [] []
[2014-04-08 00:55:02] System.DEBUG: httpServer restarting worker #105 (\TechDivision\WebServer\Workers\ThreadWorker) [] []
[2014-04-08 01:05:01] System.DEBUG: httpsServer restarting worker #20 (\TechDivision\WebServer\Workers\ThreadWorker) [] []
[2014-04-08 01:05:01] System.DEBUG: httpServer restarting worker #27 (\TechDivision\WebServer\Workers\ThreadWorker) [] []
[2014-04-08 01:05:45] System.DEBUG: httpServer restarting worker #5 (\TechDivision\WebServer\Workers\ThreadWorker) [] []
[2014-04-08 01:15:01] System.DEBUG: httpServer restarting worker #18 (\TechDivision\WebServer\Workers\ThreadWorker) [] []
[2014-04-08 01:15:01] System.DEBUG: httpsServer restarting worker #27 (\TechDivision\WebServer\Workers\ThreadWorker) [] []
[2014-04-08 01:15:01] System.DEBUG: httpsServer restarting worker #28 (\TechDivision\WebServer\Workers\ThreadWorker) [] []
[2014-04-08 01:15:01] System.DEBUG: httpServer restarting worker #38 (\TechDivision\WebServer\Workers\ThreadWorker) [] []
[2014-04-08 01:15:01] System.DEBUG: httpsServer restarting worker #25 (\TechDivision\WebServer\Workers\ThreadWorker) [] []
[2014-04-08 01:15:01] System.DEBUG: httpServer restarting worker #48 (\TechDivision\WebServer\Workers\ThreadWorker) [] []
[2014-04-08 01:15:02] System.DEBUG: httpsServer restarting worker #76 (\TechDivision\WebServer\Workers\ThreadWorker) [] []
[2014-04-08 01:15:02] System.DEBUG: httpsServer restarting worker #108 (\TechDivision\WebServer\Workers\ThreadWorker) [] []
[2014-04-08 01:25:01] System.DEBUG: httpsServer restarting worker #12 (\TechDivision\WebServer\Workers\ThreadWorker) [] []
[2014-04-08 01:25:02] System.DEBUG: httpsServer restarting worker #55 (\TechDivision\WebServer\Workers\ThreadWorker) [] []
[2014-04-08 01:25:02] System.DEBUG: httpsServer restarting worker #80 (\TechDivision\WebServer\Workers\ThreadWorker) [] []
[2014-04-08 01:35:02] System.DEBUG: httpsServer restarting worker #66 (\TechDivision\WebServer\Workers\ThreadWorker) [] []
[2014-04-08 01:35:02] System.DEBUG: httpServer restarting worker #54 (\TechDivision\WebServer\Workers\ThreadWorker) [] []
[2014-04-08 01:35:02] System.DEBUG: httpsServer restarting worker #77 (\TechDivision\WebServer\Workers\ThreadWorker) [] []
[2014-04-08 01:35:03] System.DEBUG: httpsServer restarting worker #115 (\TechDivision\WebServer\Workers\ThreadWorker) [] []
[2014-04-08 01:35:03] System.DEBUG: httpServer restarting worker #102 (\TechDivision\WebServer\Workers\ThreadWorker) [] []
[2014-04-08 01:35:03] System.DEBUG: httpServer restarting worker #117 (\TechDivision\WebServer\Workers\ThreadWorker) [] []
[2014-04-08 01:35:03] System.DEBUG: httpServer restarting worker #118 (\TechDivision\WebServer\Workers\ThreadWorker) [] []
[2014-04-08 01:35:03] System.DEBUG: httpsServer restarting worker #128 (\TechDivision\WebServer\Workers\ThreadWorker) [] []
[2014-04-08 01:45:01] System.DEBUG: httpsServer restarting worker #7 (\TechDivision\WebServer\Workers\ThreadWorker) [] []
[2014-04-08 01:45:01] System.DEBUG: httpsServer restarting worker #9 (\TechDivision\WebServer\Workers\ThreadWorker) [] []
[2014-04-08 01:45:02] System.DEBUG: httpsServer restarting worker #32 (\TechDivision\WebServer\Workers\ThreadWorker) [] []
[2014-04-08 01:45:02] System.DEBUG: httpServer restarting worker #50 (\TechDivision\WebServer\Workers\ThreadWorker) [] []
[2014-04-08 01:45:02] System.DEBUG: httpServer restarting worker #90 (\TechDivision\WebServer\Workers\ThreadWorker) [] []
[2014-04-08 01:45:03] System.DEBUG: httpServer restarting worker #107 (\TechDivision\WebServer\Workers\ThreadWorker) [] []
[2014-04-08 01:45:03] System.DEBUG: httpServer restarting worker #124 (\TechDivision\WebServer\Workers\ThreadWorker) [] []
[2014-04-08 01:45:03] System.DEBUG: httpsServer restarting worker #114 (\TechDivision\WebServer\Workers\ThreadWorker) [] []
[2014-04-08 01:45:03] System.DEBUG: httpsServer restarting worker #123 (\TechDivision\WebServer\Workers\ThreadWorker) [] []
[2014-04-08 01:55:02] System.DEBUG: httpServer restarting worker #51 (\TechDivision\WebServer\Workers\ThreadWorker) [] []
[2014-04-08 01:55:03] System.DEBUG: httpServer restarting worker #88 (\TechDivision\WebServer\Workers\ThreadWorker) [] []
[2014-04-08 01:55:03] System.DEBUG: httpsServer restarting worker #97 (\TechDivision\WebServer\Workers\ThreadWorker) [] []
[2014-04-08 01:55:03] System.DEBUG: httpServer restarting worker #106 (\TechDivision\WebServer\Workers\ThreadWorker) [] []
[2014-04-08 02:05:02] System.DEBUG: httpServer restarting worker #14 (\TechDivision\WebServer\Workers\ThreadWorker) [] []
[2014-04-08 02:05:02] System.DEBUG: httpServer restarting worker #33 (\TechDivision\WebServer\Workers\ThreadWorker) [] []
[2014-04-08 02:05:02] System.DEBUG: httpsServer restarting worker #33 (\TechDivision\WebServer\Workers\ThreadWorker) [] []
[2014-04-08 02:05:02] System.DEBUG: httpsServer restarting worker #34 (\TechDivision\WebServer\Workers\ThreadWorker) [] []
[2014-04-08 02:05:02] System.DEBUG: httpServer restarting worker #60 (\TechDivision\WebServer\Workers\ThreadWorker) [] []
[2014-04-08 02:05:02] System.DEBUG: httpServer restarting worker #70 (\TechDivision\WebServer\Workers\ThreadWorker) [] []
[2014-04-08 02:05:02] System.DEBUG: httpsServer restarting worker #59 (\TechDivision\WebServer\Workers\ThreadWorker) [] []
[2014-04-08 02:05:03] System.DEBUG: httpServer restarting worker #114 (\TechDivision\WebServer\Workers\ThreadWorker) [] []
[2014-04-08 02:05:03] System.DEBUG: httpsServer restarting worker #106 (\TechDivision\WebServer\Workers\ThreadWorker) [] []
[2014-04-08 02:15:01] System.DEBUG: httpServer restarting worker #3 (\TechDivision\WebServer\Workers\ThreadWorker) [] []
[2014-04-08 02:15:02] System.DEBUG: httpServer restarting worker #93 (\TechDivision\WebServer\Workers\ThreadWorker) [] []
[2014-04-08 02:25:02] System.DEBUG: httpsServer restarting worker #40 (\TechDivision\WebServer\Workers\ThreadWorker) [] []
[2014-04-08 02:25:02] System.DEBUG: httpServer restarting worker #62 (\TechDivision\WebServer\Workers\ThreadWorker) [] []
[2014-04-08 02:25:03] System.DEBUG: httpServer restarting worker #99 (\TechDivision\WebServer\Workers\ThreadWorker) [] []
[2014-04-08 02:25:03] System.DEBUG: httpsServer restarting worker #101 (\TechDivision\WebServer\Workers\ThreadWorker) [] []
[2014-04-08 02:25:03] System.DEBUG: httpsServer restarting worker #112 (\TechDivision\WebServer\Workers\ThreadWorker) [] []
[2014-04-08 02:25:03] System.DEBUG: httpsServer restarting worker #126 (\TechDivision\WebServer\Workers\ThreadWorker) [] []
[2014-04-08 02:25:48] System.DEBUG: httpServer restarting worker #127 (\TechDivision\WebServer\Workers\ThreadWorker) [] []
[2014-04-08 02:35:02] System.DEBUG: httpServer restarting worker #7 (\TechDivision\WebServer\Workers\ThreadWorker) [] []
[2014-04-08 02:35:02] System.DEBUG: httpServer restarting worker #61 (\TechDivision\WebServer\Workers\ThreadWorker) [] []
[2014-04-08 02:35:03] System.DEBUG: httpServer restarting worker #84 (\TechDivision\WebServer\Workers\ThreadWorker) [] []
[2014-04-08 02:45:02] System.DEBUG: httpsServer restarting worker #31 (\TechDivision\WebServer\Workers\ThreadWorker) [] []
[2014-04-08 02:45:02] System.DEBUG: httpsServer restarting worker #50 (\TechDivision\WebServer\Workers\ThreadWorker) [] []
[2014-04-08 02:45:02] System.DEBUG: httpsServer restarting worker #69 (\TechDivision\WebServer\Workers\ThreadWorker) [] []
[2014-04-08 02:45:03] System.DEBUG: httpServer restarting worker #103 (\TechDivision\WebServer\Workers\ThreadWorker) [] []
[2014-04-08 02:55:02] System.DEBUG: httpServer restarting worker #1 (\TechDivision\WebServer\Workers\ThreadWorker) [] []
[2014-04-08 02:55:02] System.DEBUG: httpServer restarting worker #34 (\TechDivision\WebServer\Workers\ThreadWorker) [] []
[2014-04-08 02:55:02] System.DEBUG: httpServer restarting worker #26 (\TechDivision\WebServer\Workers\ThreadWorker) [] []
[2014-04-08 02:55:02] System.DEBUG: httpServer restarting worker #31 (\TechDivision\WebServer\Workers\ThreadWorker) [] []
[2014-04-08 03:05:02] System.DEBUG: httpServer restarting worker #24 (\TechDivision\WebServer\Workers\ThreadWorker) [] []
[2014-04-08 03:05:02] System.DEBUG: httpsServer restarting worker #42 (\TechDivision\WebServer\Workers\ThreadWorker) [] []
[2014-04-08 03:05:03] System.DEBUG: httpServer restarting worker #32 (\TechDivision\WebServer\Workers\ThreadWorker) [] []
[2014-04-08 03:05:03] System.DEBUG: httpServer restarting worker #71 (\TechDivision\WebServer\Workers\ThreadWorker) [] []
[2014-04-08 03:05:03] System.DEBUG: httpsServer restarting worker #67 (\TechDivision\WebServer\Workers\ThreadWorker) [] []
[2014-04-08 03:05:04] System.DEBUG: httpsServer restarting worker #121 (\TechDivision\WebServer\Workers\ThreadWorker) [] []
[2014-04-08 03:15:03] System.DEBUG: httpServer restarting worker #35 (\TechDivision\WebServer\Workers\ThreadWorker) [] []
[2014-04-08 03:15:03] System.DEBUG: httpServer restarting worker #59 (\TechDivision\WebServer\Workers\ThreadWorker) [] []
[2014-04-08 03:15:03] System.DEBUG: httpServer restarting worker #86 (\TechDivision\WebServer\Workers\ThreadWorker) [] []
[2014-04-08 03:25:03] System.DEBUG: httpServer restarting worker #108 (\TechDivision\WebServer\Workers\ThreadWorker) [] []
[2014-04-08 03:25:03] System.DEBUG: httpsServer restarting worker #104 (\TechDivision\WebServer\Workers\ThreadWorker) [] []
[2014-04-08 03:25:28] System.DEBUG: httpServer restarting worker #115 (\TechDivision\WebServer\Workers\ThreadWorker) [] []
[2014-04-08 03:35:02] System.DEBUG: httpServer restarting worker #12 (\TechDivision\WebServer\Workers\ThreadWorker) [] []
[2014-04-08 03:35:02] System.DEBUG: httpsServer restarting worker #38 (\TechDivision\WebServer\Workers\ThreadWorker) [] []
[2014-04-08 03:35:03] System.DEBUG: httpsServer restarting worker #41 (\TechDivision\WebServer\Workers\ThreadWorker) [] []
[2014-04-08 03:35:03] System.DEBUG: httpServer restarting worker #64 (\TechDivision\WebServer\Workers\ThreadWorker) [] []
[2014-04-08 03:35:03] System.DEBUG: httpsServer restarting worker #81 (\TechDivision\WebServer\Workers\ThreadWorker) [] []
[2014-04-08 03:35:04] System.DEBUG: httpsServer restarting worker #110 (\TechDivision\WebServer\Workers\ThreadWorker) [] []
[2014-04-08 03:35:04] System.DEBUG: httpsServer restarting worker #119 (\TechDivision\WebServer\Workers\ThreadWorker) [] []
[2014-04-08 03:45:02] System.DEBUG: httpsServer restarting worker #10 (\TechDivision\WebServer\Workers\ThreadWorker) [] []
[2014-04-08 03:45:03] System.DEBUG: httpServer restarting worker #43 (\TechDivision\WebServer\Workers\ThreadWorker) [] []
[2014-04-08 03:45:03] System.DEBUG: httpsServer restarting worker #18 (\TechDivision\WebServer\Workers\ThreadWorker) [] []
[2014-04-08 03:45:03] System.DEBUG: httpServer restarting worker #80 (\TechDivision\WebServer\Workers\ThreadWorker) [] []
[2014-04-08 03:45:03] System.DEBUG: httpServer restarting worker #104 (\TechDivision\WebServer\Workers\ThreadWorker) [] []
[2014-04-08 03:45:04] System.DEBUG: httpsServer restarting worker #100 (\TechDivision\WebServer\Workers\ThreadWorker) [] []
[2014-04-08 03:45:04] System.DEBUG: httpsServer restarting worker #127 (\TechDivision\WebServer\Workers\ThreadWorker) [] []
[2014-04-08 03:55:03] System.DEBUG: httpServer restarting worker #85 (\TechDivision\WebServer\Workers\ThreadWorker) [] []
[2014-04-08 04:05:02] System.DEBUG: httpServer restarting worker #9 (\TechDivision\WebServer\Workers\ThreadWorker) [] []
[2014-04-08 04:05:02] System.DEBUG: httpServer restarting worker #19 (\TechDivision\WebServer\Workers\ThreadWorker) [] []
[2014-04-08 04:05:02] System.DEBUG: httpsServer restarting worker #36 (\TechDivision\WebServer\Workers\ThreadWorker) [] []
[2014-04-08 04:05:03] System.DEBUG: httpServer restarting worker #25 (\TechDivision\WebServer\Workers\ThreadWorker) [] []
[2014-04-08 04:05:03] System.DEBUG: httpServer restarting worker #49 (\TechDivision\WebServer\Workers\ThreadWorker) [] []
[2014-04-08 04:05:03] System.DEBUG: httpsServer restarting worker #58 (\TechDivision\WebServer\Workers\ThreadWorker) [] []
[2014-04-08 04:05:03] System.DEBUG: httpServer restarting worker #48 (\TechDivision\WebServer\Workers\ThreadWorker) [] []
[2014-04-08 04:05:03] System.DEBUG: httpsServer restarting worker #74 (\TechDivision\WebServer\Workers\ThreadWorker) [] []
[2014-04-08 04:05:03] System.DEBUG: httpServer restarting worker #92 (\TechDivision\WebServer\Workers\ThreadWorker) [] []
[2014-04-08 04:05:04] System.DEBUG: httpServer restarting worker #121 (\TechDivision\WebServer\Workers\ThreadWorker) [] []
[2014-04-08 04:15:03] System.DEBUG: httpsServer restarting worker #24 (\TechDivision\WebServer\Workers\ThreadWorker) [] []
[2014-04-08 04:15:03] System.DEBUG: httpsServer restarting worker #22 (\TechDivision\WebServer\Workers\ThreadWorker) [] []
[2014-04-08 04:15:03] System.DEBUG: httpsServer restarting worker #47 (\TechDivision\WebServer\Workers\ThreadWorker) [] []
[2014-04-08 04:15:03] System.DEBUG: httpsServer restarting worker #48 (\TechDivision\WebServer\Workers\ThreadWorker) [] []
[2014-04-08 04:25:02] System.DEBUG: httpsServer restarting worker #8 (\TechDivision\WebServer\Workers\ThreadWorker) [] []
[2014-04-08 04:25:03] System.DEBUG: httpsServer restarting worker #37 (\TechDivision\WebServer\Workers\ThreadWorker) [] []
[2014-04-08 04:25:03] System.DEBUG: httpServer restarting worker #38 (\TechDivision\WebServer\Workers\ThreadWorker) [] []
[2014-04-08 04:25:03] System.DEBUG: httpsServer restarting worker #65 (\TechDivision\WebServer\Workers\ThreadWorker) [] []
[2014-04-08 04:25:03] System.DEBUG: httpsServer restarting worker #86 (\TechDivision\WebServer\Workers\ThreadWorker) [] []
[2014-04-08 04:25:03] System.DEBUG: httpServer restarting worker #63 (\TechDivision\WebServer\Workers\ThreadWorker) [] []
[2014-04-08 04:25:04] System.DEBUG: httpsServer restarting worker #109 (\TechDivision\WebServer\Workers\ThreadWorker) [] []
[2014-04-08 04:25:04] System.DEBUG: httpServer restarting worker #120 (\TechDivision\WebServer\Workers\ThreadWorker) [] []
[2014-04-08 04:35:03] System.DEBUG: httpServer restarting worker #15 (\TechDivision\WebServer\Workers\ThreadWorker) [] []
[2014-04-08 04:35:03] System.DEBUG: httpsServer restarting worker #9 (\TechDivision\WebServer\Workers\ThreadWorker) [] []
[2014-04-08 04:35:03] System.DEBUG: httpServer restarting worker #22 (\TechDivision\WebServer\Workers\ThreadWorker) [] []
[2014-04-08 04:35:04] System.DEBUG: httpsServer restarting worker #108 (\TechDivision\WebServer\Workers\ThreadWorker) [] []
[2014-04-08 04:35:04] System.DEBUG: httpServer restarting worker #95 (\TechDivision\WebServer\Workers\ThreadWorker) [] []
[2014-04-08 04:45:03] System.DEBUG: httpsServer restarting worker #6 (\TechDivision\WebServer\Workers\ThreadWorker) [] []
[2014-04-08 04:45:03] System.DEBUG: httpServer restarting worker #56 (\TechDivision\WebServer\Workers\ThreadWorker) [] []
[2014-04-08 04:45:03] System.DEBUG: httpServer restarting worker #52 (\TechDivision\WebServer\Workers\ThreadWorker) [] []
[2014-04-08 04:45:03] System.DEBUG: httpsServer restarting worker #52 (\TechDivision\WebServer\Workers\ThreadWorker) [] []
[2014-04-08 04:45:03] System.DEBUG: httpsServer restarting worker #43 (\TechDivision\WebServer\Workers\ThreadWorker) [] []
[2014-04-08 04:45:03] System.DEBUG: httpsServer restarting worker #77 (\TechDivision\WebServer\Workers\ThreadWorker) [] []
[2014-04-08 04:45:03] System.DEBUG: httpsServer restarting worker #95 (\TechDivision\WebServer\Workers\ThreadWorker) [] []
[2014-04-08 04:45:04] System.DEBUG: httpsServer restarting worker #75 (\TechDivision\WebServer\Workers\ThreadWorker) [] []
[2014-04-08 04:45:04] System.DEBUG: httpServer restarting worker #112 (\TechDivision\WebServer\Workers\ThreadWorker) [] []
[2014-04-08 04:55:02] System.DEBUG: httpServer restarting worker #8 (\TechDivision\WebServer\Workers\ThreadWorker) [] []
[2014-04-08 04:55:03] System.DEBUG: httpServer restarting worker #23 (\TechDivision\WebServer\Workers\ThreadWorker) [] []
[2014-04-08 04:55:03] System.DEBUG: httpServer restarting worker #44 (\TechDivision\WebServer\Workers\ThreadWorker) [] []
[2014-04-08 04:55:04] System.DEBUG: httpsServer restarting worker #92 (\TechDivision\WebServer\Workers\ThreadWorker) [] []
[2014-04-08 04:55:04] System.DEBUG: httpsServer restarting worker #111 (\TechDivision\WebServer\Workers\ThreadWorker) [] []
[2014-04-08 04:55:04] System.DEBUG: httpServer restarting worker #117 (\TechDivision\WebServer\Workers\ThreadWorker) [] []
[2014-04-08 05:05:02] System.DEBUG: httpServer restarting worker #3 (\TechDivision\WebServer\Workers\ThreadWorker) [] []
[2014-04-08 05:05:03] System.DEBUG: httpsServer restarting worker #5 (\TechDivision\WebServer\Workers\ThreadWorker) [] []
[2014-04-08 05:05:03] System.DEBUG: httpsServer restarting worker #51 (\TechDivision\WebServer\Workers\ThreadWorker) [] []
[2014-04-08 05:05:04] System.DEBUG: httpServer restarting worker #57 (\TechDivision\WebServer\Workers\ThreadWorker) [] []
[2014-04-08 05:05:04] System.DEBUG: httpServer restarting worker #78 (\TechDivision\WebServer\Workers\ThreadWorker) [] []
[2014-04-08 05:05:04] System.DEBUG: httpServer restarting worker #84 (\TechDivision\WebServer\Workers\ThreadWorker) [] []
[2014-04-08 05:05:04] System.DEBUG: httpsServer restarting worker #123 (\TechDivision\WebServer\Workers\ThreadWorker) [] []
[2014-04-08 05:05:05] System.DEBUG: httpsServer restarting worker #128 (\TechDivision\WebServer\Workers\ThreadWorker) [] []
[2014-04-08 05:15:03] System.DEBUG: httpsServer restarting worker #1 (\TechDivision\WebServer\Workers\ThreadWorker) [] []
[2014-04-08 05:15:03] System.DEBUG: httpsServer restarting worker #21 (\TechDivision\WebServer\Workers\ThreadWorker) [] []
[2014-04-08 05:15:03] System.DEBUG: httpsServer restarting worker #14 (\TechDivision\WebServer\Workers\ThreadWorker) [] []
[2014-04-08 05:15:03] System.DEBUG: httpServer restarting worker #40 (\TechDivision\WebServer\Workers\ThreadWorker) [] []
[2014-04-08 05:15:03] System.DEBUG: httpsServer restarting worker #25 (\TechDivision\WebServer\Workers\ThreadWorker) [] []
[2014-04-08 05:15:03] System.DEBUG: httpServer restarting worker #53 (\TechDivision\WebServer\Workers\ThreadWorker) [] []
[2014-04-08 05:15:04] System.DEBUG: httpServer restarting worker #66 (\TechDivision\WebServer\Workers\ThreadWorker) [] []
[2014-04-08 05:15:04] System.DEBUG: httpsServer restarting worker #72 (\TechDivision\WebServer\Workers\ThreadWorker) [] []
[2014-04-08 05:15:04] System.DEBUG: httpsServer restarting worker #99 (\TechDivision\WebServer\Workers\ThreadWorker) [] []
[2014-04-08 05:15:04] System.DEBUG: httpServer restarting worker #89 (\TechDivision\WebServer\Workers\ThreadWorker) [] []
[2014-04-08 05:15:04] System.DEBUG: httpServer restarting worker #113 (\TechDivision\WebServer\Workers\ThreadWorker) [] []
[2014-04-08 05:25:03] System.DEBUG: httpsServer restarting worker #3 (\TechDivision\WebServer\Workers\ThreadWorker) [] []
[2014-04-08 05:25:03] System.DEBUG: httpsServer restarting worker #19 (\TechDivision\WebServer\Workers\ThreadWorker) [] []
[2014-04-08 05:25:03] System.DEBUG: httpServer restarting worker #4 (\TechDivision\WebServer\Workers\ThreadWorker) [] []
[2014-04-08 05:25:03] System.DEBUG: httpsServer restarting worker #4 (\TechDivision\WebServer\Workers\ThreadWorker) [] []
[2014-04-08 05:25:03] System.DEBUG: httpServer restarting worker #6 (\TechDivision\WebServer\Workers\ThreadWorker) [] []
[2014-04-08 05:25:03] System.DEBUG: httpsServer restarting worker #45 (\TechDivision\WebServer\Workers\ThreadWorker) [] []
[2014-04-08 05:25:04] System.DEBUG: httpServer restarting worker #69 (\TechDivision\WebServer\Workers\ThreadWorker) [] []
[2014-04-08 05:25:04] System.DEBUG: httpServer restarting worker #90 (\TechDivision\WebServer\Workers\ThreadWorker) [] []
[2014-04-08 05:25:04] System.DEBUG: httpServer restarting worker #81 (\TechDivision\WebServer\Workers\ThreadWorker) [] []
[2014-04-08 05:25:04] System.DEBUG: httpsServer restarting worker #120 (\TechDivision\WebServer\Workers\ThreadWorker) [] []
[2014-04-08 05:25:05] System.DEBUG: httpServer restarting worker #128 (\TechDivision\WebServer\Workers\ThreadWorker) [] []
[2014-04-08 05:35:03] System.DEBUG: httpServer restarting worker #39 (\TechDivision\WebServer\Workers\ThreadWorker) [] []
[2014-04-08 05:35:03] System.DEBUG: httpsServer restarting worker #32 (\TechDivision\WebServer\Workers\ThreadWorker) [] []
[2014-04-08 05:35:04] System.DEBUG: httpsServer restarting worker #63 (\TechDivision\WebServer\Workers\ThreadWorker) [] []
[2014-04-08 05:45:03] System.DEBUG: httpServer restarting worker #26 (\TechDivision\WebServer\Workers\ThreadWorker) [] []
[2014-04-08 05:45:04] System.DEBUG: httpServer restarting worker #82 (\TechDivision\WebServer\Workers\ThreadWorker) [] []
[2014-04-08 05:45:04] System.DEBUG: httpServer restarting worker #119 (\TechDivision\WebServer\Workers\ThreadWorker) [] []
[2014-04-08 05:55:03] System.DEBUG: httpsServer restarting worker #39 (\TechDivision\WebServer\Workers\ThreadWorker) [] []
[2014-04-08 05:55:04] System.DEBUG: httpsServer restarting worker #53 (\TechDivision\WebServer\Workers\ThreadWorker) [] []
[2014-04-08 05:55:04] System.DEBUG: httpsServer restarting worker #68 (\TechDivision\WebServer\Workers\ThreadWorker) [] []
[2014-04-08 05:55:04] System.DEBUG: httpServer restarting worker #45 (\TechDivision\WebServer\Workers\ThreadWorker) [] []
[2014-04-08 05:55:04] System.DEBUG: httpsServer restarting worker #64 (\TechDivision\WebServer\Workers\ThreadWorker) [] []
[2014-04-08 05:55:04] System.DEBUG: httpsServer restarting worker #55 (\TechDivision\WebServer\Workers\ThreadWorker) [] []
[2014-04-08 05:55:04] System.DEBUG: httpsServer restarting worker #73 (\TechDivision\WebServer\Workers\ThreadWorker) [] []
[2014-04-08 05:55:04] System.DEBUG: httpsServer restarting worker #116 (\TechDivision\WebServer\Workers\ThreadWorker) [] []
[2014-04-08 06:05:03] System.DEBUG: httpServer restarting worker #21 (\TechDivision\WebServer\Workers\ThreadWorker) [] []
[2014-04-08 06:05:03] System.DEBUG: httpServer restarting worker #27 (\TechDivision\WebServer\Workers\ThreadWorker) [] []
[2014-04-08 06:05:04] System.DEBUG: httpServer restarting worker #76 (\TechDivision\WebServer\Workers\ThreadWorker) [] []
[2014-04-08 06:05:04] System.DEBUG: httpsServer restarting worker #84 (\TechDivision\WebServer\Workers\ThreadWorker) [] []
[2014-04-08 06:05:05] System.DEBUG: httpsServer restarting worker #115 (\TechDivision\WebServer\Workers\ThreadWorker) [] []
[2014-04-08 06:15:03] System.DEBUG: httpServer restarting worker #2 (\TechDivision\WebServer\Workers\ThreadWorker) [] []
[2014-04-08 06:15:03] System.DEBUG: httpsServer restarting worker #15 (\TechDivision\WebServer\Workers\ThreadWorker) [] []
[2014-04-08 06:15:03] System.DEBUG: httpsServer restarting worker #7 (\TechDivision\WebServer\Workers\ThreadWorker) [] []
[2014-04-08 06:15:03] System.DEBUG: httpsServer restarting worker #27 (\TechDivision\WebServer\Workers\ThreadWorker) [] []
[2014-04-08 06:15:04] System.DEBUG: httpServer restarting worker #29 (\TechDivision\WebServer\Workers\ThreadWorker) [] []
[2014-04-08 06:15:04] System.DEBUG: httpServer restarting worker #68 (\TechDivision\WebServer\Workers\ThreadWorker) [] []
[2014-04-08 06:15:04] System.DEBUG: httpServer restarting worker #106 (\TechDivision\WebServer\Workers\ThreadWorker) [] []
[2014-04-08 06:25:03] System.DEBUG: httpsServer restarting worker #13 (\TechDivision\WebServer\Workers\ThreadWorker) [] []
[2014-04-08 06:25:03] System.DEBUG: httpsServer restarting worker #38 (\TechDivision\WebServer\Workers\ThreadWorker) [] []
[2014-04-08 06:25:04] System.DEBUG: httpServer restarting worker #13 (\TechDivision\WebServer\Workers\ThreadWorker) [] []
[2014-04-08 06:25:04] System.DEBUG: httpsServer restarting worker #30 (\TechDivision\WebServer\Workers\ThreadWorker) [] []
[2014-04-08 06:25:04] System.DEBUG: httpsServer restarting worker #49 (\TechDivision\WebServer\Workers\ThreadWorker) [] []
[2014-04-08 06:25:04] System.DEBUG: httpsServer restarting worker #29 (\TechDivision\WebServer\Workers\ThreadWorker) [] []
[2014-04-08 06:25:04] System.DEBUG: httpServer restarting worker #71 (\TechDivision\WebServer\Workers\ThreadWorker) [] []
[2014-04-08 06:25:04] System.DEBUG: httpsServer restarting worker #60 (\TechDivision\WebServer\Workers\ThreadWorker) [] []
[2014-04-08 06:25:04] System.DEBUG: httpServer restarting worker #75 (\TechDivision\WebServer\Workers\ThreadWorker) [] []
[2014-04-08 06:25:04] System.DEBUG: httpsServer restarting worker #94 (\TechDivision\WebServer\Workers\ThreadWorker) [] []
[2014-04-08 06:25:04] System.DEBUG: httpsServer restarting worker #124 (\TechDivision\WebServer\Workers\ThreadWorker) [] []
[2014-04-08 06:25:05] System.DEBUG: httpsServer restarting worker #102 (\TechDivision\WebServer\Workers\ThreadWorker) [] []
[2014-04-08 06:25:05] System.DEBUG: httpsServer restarting worker #117 (\TechDivision\WebServer\Workers\ThreadWorker) [] []
[2014-04-08 06:25:05] System.DEBUG: httpsServer restarting worker #122 (\TechDivision\WebServer\Workers\ThreadWorker) [] []
[2014-04-08 06:35:03] System.DEBUG: httpServer restarting worker #16 (\TechDivision\WebServer\Workers\ThreadWorker) [] []
[2014-04-08 06:35:03] System.DEBUG: httpsServer restarting worker #26 (\TechDivision\WebServer\Workers\ThreadWorker) [] []
[2014-04-08 06:35:04] System.DEBUG: httpServer restarting worker #10 (\TechDivision\WebServer\Workers\ThreadWorker) [] []
[2014-04-08 06:35:04] System.DEBUG: httpsServer restarting worker #66 (\TechDivision\WebServer\Workers\ThreadWorker) [] []
[2014-04-08 06:35:04] System.DEBUG: httpServer restarting worker #46 (\TechDivision\WebServer\Workers\ThreadWorker) [] []
[2014-04-08 06:35:04] System.DEBUG: httpServer restarting worker #77 (\TechDivision\WebServer\Workers\ThreadWorker) [] []
[2014-04-08 06:35:04] System.DEBUG: httpsServer restarting worker #44 (\TechDivision\WebServer\Workers\ThreadWorker) [] []
[2014-04-08 06:35:04] System.DEBUG: httpsServer restarting worker #54 (\TechDivision\WebServer\Workers\ThreadWorker) [] []
[2014-04-08 06:35:05] System.DEBUG: httpServer restarting worker #100 (\TechDivision\WebServer\Workers\ThreadWorker) [] []
[2014-04-08 06:45:04] System.DEBUG: httpsServer restarting worker #62 (\TechDivision\WebServer\Workers\ThreadWorker) [] []
[2014-04-08 06:45:04] System.DEBUG: httpsServer restarting worker #76 (\TechDivision\WebServer\Workers\ThreadWorker) [] []
[2014-04-08 06:45:05] System.DEBUG: httpServer restarting worker #80 (\TechDivision\WebServer\Workers\ThreadWorker) [] []
[2014-04-08 06:45:05] System.DEBUG: httpsServer restarting worker #82 (\TechDivision\WebServer\Workers\ThreadWorker) [] []
[2014-04-08 06:45:06] System.DEBUG: httpsServer restarting worker #121 (\TechDivision\WebServer\Workers\ThreadWorker) [] []
[2014-04-08 06:55:04] System.DEBUG: httpServer restarting worker #30 (\TechDivision\WebServer\Workers\ThreadWorker) [] []
[2014-04-08 06:55:04] System.DEBUG: httpsServer restarting worker #2 (\TechDivision\WebServer\Workers\ThreadWorker) [] []
[2014-04-08 06:55:04] System.DEBUG: httpsServer restarting worker #23 (\TechDivision\WebServer\Workers\ThreadWorker) [] []
[2014-04-08 06:55:05] System.DEBUG: httpsServer restarting worker #89 (\TechDivision\WebServer\Workers\ThreadWorker) [] []
[2014-04-08 06:55:05] System.DEBUG: httpsServer restarting worker #118 (\TechDivision\WebServer\Workers\ThreadWorker) [] []
[2014-04-08 07:05:04] System.DEBUG: httpsServer restarting worker #37 (\TechDivision\WebServer\Workers\ThreadWorker) [] []
[2014-04-08 07:05:04] System.DEBUG: httpServer restarting worker #15 (\TechDivision\WebServer\Workers\ThreadWorker) [] []
[2014-04-08 07:05:04] System.DEBUG: httpServer restarting worker #41 (\TechDivision\WebServer\Workers\ThreadWorker) [] []
[2014-04-08 07:05:04] System.DEBUG: httpServer restarting worker #83 (\TechDivision\WebServer\Workers\ThreadWorker) [] []
[2014-04-08 07:05:04] System.DEBUG: httpServer restarting worker #25 (\TechDivision\WebServer\Workers\ThreadWorker) [] []
[2014-04-08 07:05:04] System.DEBUG: httpsServer restarting worker #57 (\TechDivision\WebServer\Workers\ThreadWorker) [] []
[2014-04-08 07:05:04] System.DEBUG: httpServer restarting worker #47 (\TechDivision\WebServer\Workers\ThreadWorker) [] []
[2014-04-08 07:05:05] System.DEBUG: httpServer restarting worker #107 (\TechDivision\WebServer\Workers\ThreadWorker) [] []
[2014-04-08 07:15:04] System.DEBUG: httpServer restarting worker #42 (\TechDivision\WebServer\Workers\ThreadWorker) [] []
[2014-04-08 07:15:04] System.DEBUG: httpServer restarting worker #17 (\TechDivision\WebServer\Workers\ThreadWorker) [] []
[2014-04-08 07:15:04] System.DEBUG: httpsServer restarting worker #47 (\TechDivision\WebServer\Workers\ThreadWorker) [] []
[2014-04-08 07:15:04] System.DEBUG: httpServer restarting worker #74 (\TechDivision\WebServer\Workers\ThreadWorker) [] []
[2014-04-08 07:15:04] System.DEBUG: httpsServer restarting worker #56 (\TechDivision\WebServer\Workers\ThreadWorker) [] []
[2014-04-08 07:15:05] System.DEBUG: httpsServer restarting worker #83 (\TechDivision\WebServer\Workers\ThreadWorker) [] []
[2014-04-08 07:15:05] System.DEBUG: httpServer restarting worker #101 (\TechDivision\WebServer\Workers\ThreadWorker) [] []
[2014-04-08 07:25:04] System.DEBUG: httpServer restarting worker #28 (\TechDivision\WebServer\Workers\ThreadWorker) [] []
[2014-04-08 07:25:04] System.DEBUG: httpServer restarting worker #18 (\TechDivision\WebServer\Workers\ThreadWorker) [] []
[2014-04-08 07:25:05] System.DEBUG: httpsServer restarting worker #69 (\TechDivision\WebServer\Workers\ThreadWorker) [] []
[2014-04-08 07:25:05] System.DEBUG: httpsServer restarting worker #88 (\TechDivision\WebServer\Workers\ThreadWorker) [] []
[2014-04-08 07:25:05] System.DEBUG: httpServer restarting worker #104 (\TechDivision\WebServer\Workers\ThreadWorker) [] []
[2014-04-08 07:25:05] System.DEBUG: httpsServer restarting worker #107 (\TechDivision\WebServer\Workers\ThreadWorker) [] []
[2014-04-08 07:25:05] System.DEBUG: httpsServer restarting worker #104 (\TechDivision\WebServer\Workers\ThreadWorker) [] []
[2014-04-08 07:35:04] System.DEBUG: httpServer restarting worker #8 (\TechDivision\WebServer\Workers\ThreadWorker) [] []
[2014-04-08 07:35:04] System.DEBUG: httpServer restarting worker #24 (\TechDivision\WebServer\Workers\ThreadWorker) [] []
[2014-04-08 07:35:05] System.DEBUG: httpsServer restarting worker #91 (\TechDivision\WebServer\Workers\ThreadWorker) [] []
[2014-04-08 07:35:05] System.DEBUG: httpsServer restarting worker #85 (\TechDivision\WebServer\Workers\ThreadWorker) [] []
[2014-04-08 07:35:05] System.DEBUG: httpsServer restarting worker #90 (\TechDivision\WebServer\Workers\ThreadWorker) [] []
[2014-04-08 07:35:05] System.DEBUG: httpServer restarting worker #109 (\TechDivision\WebServer\Workers\ThreadWorker) [] []
[2014-04-08 07:45:04] System.DEBUG: httpServer restarting worker #65 (\TechDivision\WebServer\Workers\ThreadWorker) [] []
[2014-04-08 07:45:04] System.DEBUG: httpServer restarting worker #33 (\TechDivision\WebServer\Workers\ThreadWorker) [] []
[2014-04-08 07:45:04] System.DEBUG: httpServer restarting worker #36 (\TechDivision\WebServer\Workers\ThreadWorker) [] []
[2014-04-08 07:45:05] System.DEBUG: httpsServer restarting worker #59 (\TechDivision\WebServer\Workers\ThreadWorker) [] []
[2014-04-08 07:45:05] System.DEBUG: httpServer restarting worker #67 (\TechDivision\WebServer\Workers\ThreadWorker) [] []
[2014-04-08 07:45:05] System.DEBUG: httpServer restarting worker #87 (\TechDivision\WebServer\Workers\ThreadWorker) [] []
[2014-04-08 07:45:05] System.DEBUG: httpServer restarting worker #92 (\TechDivision\WebServer\Workers\ThreadWorker) [] []
[2014-04-08 07:45:05] System.DEBUG: httpsServer restarting worker #105 (\TechDivision\WebServer\Workers\ThreadWorker) [] []
[2014-04-08 07:45:05] System.DEBUG: httpServer restarting worker #85 (\TechDivision\WebServer\Workers\ThreadWorker) [] []
[2014-04-08 07:45:05] System.DEBUG: httpsServer restarting worker #103 (\TechDivision\WebServer\Workers\ThreadWorker) [] []
[2014-04-08 07:45:48] System.DEBUG: httpServer restarting worker #5 (\TechDivision\WebServer\Workers\ThreadWorker) [] []
[2014-04-08 07:55:04] System.DEBUG: httpsServer restarting worker #20 (\TechDivision\WebServer\Workers\ThreadWorker) [] []
[2014-04-08 07:55:04] System.DEBUG: httpServer restarting worker #73 (\TechDivision\WebServer\Workers\ThreadWorker) [] []
[2014-04-08 07:55:04] System.DEBUG: httpsServer restarting worker #28 (\TechDivision\WebServer\Workers\ThreadWorker) [] []
[2014-04-08 07:55:04] System.DEBUG: httpsServer restarting worker #45 (\TechDivision\WebServer\Workers\ThreadWorker) [] []
[2014-04-08 07:55:05] System.DEBUG: httpsServer restarting worker #71 (\TechDivision\WebServer\Workers\ThreadWorker) [] []
[2014-04-08 07:55:05] System.DEBUG: httpServer restarting worker #58 (\TechDivision\WebServer\Workers\ThreadWorker) [] []
[2014-04-08 07:55:05] System.DEBUG: httpsServer restarting worker #78 (\TechDivision\WebServer\Workers\ThreadWorker) [] []
[2014-04-08 07:55:05] System.DEBUG: httpServer restarting worker #98 (\TechDivision\WebServer\Workers\ThreadWorker) [] []
[2014-04-08 07:55:05] System.DEBUG: httpServer restarting worker #112 (\TechDivision\WebServer\Workers\ThreadWorker) [] []
[2014-04-08 08:05:04] System.DEBUG: httpsServer restarting worker #36 (\TechDivision\WebServer\Workers\ThreadWorker) [] []
[2014-04-08 08:05:05] System.DEBUG: httpsServer restarting worker #67 (\TechDivision\WebServer\Workers\ThreadWorker) [] []
[2014-04-08 08:05:05] System.DEBUG: httpServer restarting worker #70 (\TechDivision\WebServer\Workers\ThreadWorker) [] []
[2014-04-08 08:05:05] System.DEBUG: httpServer restarting worker #94 (\TechDivision\WebServer\Workers\ThreadWorker) [] []
[2014-04-08 08:05:05] System.DEBUG: httpServer restarting worker #88 (\TechDivision\WebServer\Workers\ThreadWorker) [] []
[2014-04-08 08:05:05] System.DEBUG: httpServer restarting worker #79 (\TechDivision\WebServer\Workers\ThreadWorker) [] []
[2014-04-08 08:05:06] System.DEBUG: httpServer restarting worker #95 (\TechDivision\WebServer\Workers\ThreadWorker) [] []
[2014-04-08 08:15:04] System.DEBUG: httpsServer restarting worker #11 (\TechDivision\WebServer\Workers\ThreadWorker) [] []
[2014-04-08 08:15:05] System.DEBUG: httpsServer restarting worker #25 (\TechDivision\WebServer\Workers\ThreadWorker) [] []
[2014-04-08 08:15:05] System.DEBUG: httpsServer restarting worker #58 (\TechDivision\WebServer\Workers\ThreadWorker) [] []
[2014-04-08 08:15:05] System.DEBUG: httpServer restarting worker #78 (\TechDivision\WebServer\Workers\ThreadWorker) [] []
[2014-04-08 08:15:05] System.DEBUG: httpsServer restarting worker #96 (\TechDivision\WebServer\Workers\ThreadWorker) [] []
[2014-04-08 08:15:05] System.DEBUG: httpsServer restarting worker #114 (\TechDivision\WebServer\Workers\ThreadWorker) [] []
[2014-04-08 08:25:04] System.DEBUG: httpServer restarting worker #34 (\TechDivision\WebServer\Workers\ThreadWorker) [] []
[2014-04-08 08:25:05] System.DEBUG: httpsServer restarting worker #35 (\TechDivision\WebServer\Workers\ThreadWorker) [] []
[2014-04-08 08:25:05] System.DEBUG: httpsServer restarting worker #61 (\TechDivision\WebServer\Workers\ThreadWorker) [] []
[2014-04-08 08:25:05] System.DEBUG: httpsServer restarting worker #79 (\TechDivision\WebServer\Workers\ThreadWorker) [] []
[2014-04-08 08:25:05] System.DEBUG: httpsServer restarting worker #70 (\TechDivision\WebServer\Workers\ThreadWorker) [] []
[2014-04-08 08:25:05] System.DEBUG: httpsServer restarting worker #98 (\TechDivision\WebServer\Workers\ThreadWorker) [] []
[2014-04-08 08:25:05] System.DEBUG: httpServer restarting worker #102 (\TechDivision\WebServer\Workers\ThreadWorker) [] []
[2014-04-08 08:25:06] System.DEBUG: httpServer restarting worker #97 (\TechDivision\WebServer\Workers\ThreadWorker) [] []
[2014-04-08 08:25:06] System.DEBUG: httpServer restarting worker #99 (\TechDivision\WebServer\Workers\ThreadWorker) [] []
[2014-04-08 08:25:06] System.DEBUG: httpServer restarting worker #125 (\TechDivision\WebServer\Workers\ThreadWorker) [] []
[2014-04-08 08:35:05] System.DEBUG: httpServer restarting worker #55 (\TechDivision\WebServer\Workers\ThreadWorker) [] []
[2014-04-08 08:35:05] System.DEBUG: httpsServer restarting worker #43 (\TechDivision\WebServer\Workers\ThreadWorker) [] []
[2014-04-08 08:35:05] System.DEBUG: httpsServer restarting worker #55 (\TechDivision\WebServer\Workers\ThreadWorker) [] []
[2014-04-08 08:35:06] System.DEBUG: httpsServer restarting worker #125 (\TechDivision\WebServer\Workers\ThreadWorker) [] []
[2014-04-08 08:35:06] System.DEBUG: httpServer restarting worker #126 (\TechDivision\WebServer\Workers\ThreadWorker) [] []
[2014-04-08 08:35:06] System.DEBUG: httpsServer restarting worker #113 (\TechDivision\WebServer\Workers\ThreadWorker) [] []
[2014-04-08 08:45:04] System.DEBUG: httpServer restarting worker #11 (\TechDivision\WebServer\Workers\ThreadWorker) [] []
[2014-04-08 08:45:05] System.DEBUG: httpServer restarting worker #72 (\TechDivision\WebServer\Workers\ThreadWorker) [] []
[2014-04-08 08:45:05] System.DEBUG: httpsServer restarting worker #52 (\TechDivision\WebServer\Workers\ThreadWorker) [] []
[2014-04-08 08:45:05] System.DEBUG: httpsServer restarting worker #46 (\TechDivision\WebServer\Workers\ThreadWorker) [] []
[2014-04-08 08:45:06] System.DEBUG: httpsServer restarting worker #87 (\TechDivision\WebServer\Workers\ThreadWorker) [] []
[2014-04-08 08:55:04] System.DEBUG: httpsServer restarting worker #16 (\TechDivision\WebServer\Workers\ThreadWorker) [] []
[2014-04-08 08:55:05] System.DEBUG: httpsServer restarting worker #17 (\TechDivision\WebServer\Workers\ThreadWorker) [] []
[2014-04-08 08:55:05] System.DEBUG: httpServer restarting worker #20 (\TechDivision\WebServer\Workers\ThreadWorker) [] []
[2014-04-08 08:55:05] System.DEBUG: httpServer restarting worker #57 (\TechDivision\WebServer\Workers\ThreadWorker) [] []
[2014-04-08 08:55:05] System.DEBUG: httpsServer restarting worker #93 (\TechDivision\WebServer\Workers\ThreadWorker) [] []
[2014-04-08 08:55:05] System.DEBUG: httpServer restarting worker #68 (\TechDivision\WebServer\Workers\ThreadWorker) [] []
[2014-04-08 08:55:06] System.DEBUG: httpsServer restarting worker #119 (\TechDivision\WebServer\Workers\ThreadWorker) [] []
[2014-04-08 09:05:05] System.DEBUG: httpServer restarting worker #40 (\TechDivision\WebServer\Workers\ThreadWorker) [] []
[2014-04-08 09:05:06] System.DEBUG: httpServer restarting worker #75 (\TechDivision\WebServer\Workers\ThreadWorker) [] []
[2014-04-08 09:15:05] System.DEBUG: httpServer restarting worker #54 (\TechDivision\WebServer\Workers\ThreadWorker) [] []
[2014-04-08 09:15:05] System.DEBUG: httpsServer restarting worker #86 (\TechDivision\WebServer\Workers\ThreadWorker) [] []
[2014-04-08 09:15:06] System.DEBUG: httpServer restarting worker #93 (\TechDivision\WebServer\Workers\ThreadWorker) [] []
[2014-04-08 09:25:05] System.DEBUG: httpServer restarting worker #76 (\TechDivision\WebServer\Workers\ThreadWorker) [] []
[2014-04-08 09:25:05] System.DEBUG: httpsServer restarting worker #50 (\TechDivision\WebServer\Workers\ThreadWorker) [] []
[2014-04-08 09:25:05] System.DEBUG: httpServer restarting worker #53 (\TechDivision\WebServer\Workers\ThreadWorker) [] []
[2014-04-08 09:25:06] System.DEBUG: httpServer restarting worker #86 (\TechDivision\WebServer\Workers\ThreadWorker) [] []
[2014-04-08 10:09:50] System.DEBUG: httpServer restarting worker #49 (\TechDivision\WebServer\Workers\ThreadWorker) [] []
[2014-04-08 10:09:52] System.DEBUG: httpsServer restarting worker #122 (\TechDivision\WebServer\Workers\ThreadWorker) [] []
[2014-04-08 10:19:50] System.DEBUG: httpServer restarting worker #12 (\TechDivision\WebServer\Workers\ThreadWorker) [] []
[2014-04-08 10:19:50] System.DEBUG: httpsServer restarting worker #26 (\TechDivision\WebServer\Workers\ThreadWorker) [] []
[2014-04-08 10:19:50] System.DEBUG: httpServer restarting worker #26 (\TechDivision\WebServer\Workers\ThreadWorker) [] []
[2014-04-08 10:19:51] System.DEBUG: httpServer restarting worker #100 (\TechDivision\WebServer\Workers\ThreadWorker) [] []
[2014-04-08 10:19:51] System.DEBUG: httpServer restarting worker #117 (\TechDivision\WebServer\Workers\ThreadWorker) [] []
[2014-04-08 10:19:51] System.DEBUG: httpsServer restarting worker #100 (\TechDivision\WebServer\Workers\ThreadWorker) [] []
[2014-04-08 12:35:44] System.DEBUG: logger initialised: System (\Monolog\Logger) [] []
[2014-04-08 12:35:44] System.DEBUG: starting httpServer (TechDivision\WebServer\Servers\MultiThreadedServer) [] []
[2014-04-08 12:35:44] System.DEBUG: httpServer init authentication module (\TechDivision\WebServer\Modules\AuthenticationModule) [] []
[2014-04-08 12:35:44] System.DEBUG: httpServer init virtualHost module (\TechDivision\WebServer\Modules\VirtualHostModule) [] []
[2014-04-08 12:35:44] System.DEBUG: httpServer init environmentVariable module (\TechDivision\WebServer\Modules\EnvironmentVariableModule) [] []
[2014-04-08 12:35:44] System.DEBUG: starting httpsServer (TechDivision\WebServer\Servers\MultiThreadedServer) [] []
[2014-04-08 12:35:44] System.DEBUG: httpServer init rewrite module (\TechDivision\RewriteModule\RewriteModule) [] []
[2014-04-08 12:35:44] System.DEBUG: httpsServer init authentication module (\TechDivision\WebServer\Modules\AuthenticationModule) [] []
[2014-04-08 12:35:44] System.DEBUG: httpsServer init virtualHost module (\TechDivision\WebServer\Modules\VirtualHostModule) [] []
[2014-04-08 12:35:44] System.DEBUG: httpsServer init environmentVariable module (\TechDivision\WebServer\Modules\EnvironmentVariableModule) [] []
[2014-04-08 12:35:44] System.DEBUG: httpServer init directory module (\TechDivision\WebServer\Modules\DirectoryModule) [] []
[2014-04-08 12:35:44] System.DEBUG: httpsServer init rewrite module (\TechDivision\RewriteModule\RewriteModule) [] []
[2014-04-08 12:35:44] System.DEBUG: httpsServer init directory module (\TechDivision\WebServer\Modules\DirectoryModule) [] []
[2014-04-08 12:35:44] System.DEBUG: httpServer init access module (\TechDivision\WebServer\Modules\AccessModule) [] []
[2014-04-08 12:35:44] System.DEBUG: httpsServer init access module (\TechDivision\WebServer\Modules\AccessModule) [] []
[2014-04-08 12:35:44] System.DEBUG: httpsServer init core module (\TechDivision\WebServer\Modules\CoreModule) [] []
[2014-04-08 12:35:44] System.DEBUG: httpServer init core module (\TechDivision\WebServer\Modules\CoreModule) [] []
[2014-04-08 12:35:44] System.DEBUG: httpsServer init php module (\TechDivision\PhpModule\PhpModule) [] []
[2014-04-08 12:35:44] System.DEBUG: httpServer init php module (\TechDivision\PhpModule\PhpModule) [] []
[2014-04-08 12:35:44] System.DEBUG: httpsServer init connectionHandler (\TechDivision\Http\HttpConnectionHandler) [] []
[2014-04-08 12:35:44] System.DEBUG: httpServer init connectionHandler (\TechDivision\Http\HttpConnectionHandler) [] []
[2014-04-08 12:35:44] System.DEBUG: httpServer starting 128 workers (\TechDivision\WebServer\Workers\ThreadWorker) [] []
[2014-04-08 12:35:44] System.DEBUG: httpsServer starting 128 workers (\TechDivision\WebServer\Workers\ThreadWorker) [] []
[2014-04-08 12:35:46] System.INFO: httpsServer listing on 0.0.0.0:9443... [] []
[2014-04-08 12:35:46] System.INFO: httpServer listing on 0.0.0.0:9080... [] []
[2014-04-08 12:35:51] System.DEBUG: logger initialised: System (\Monolog\Logger) [] []
[2014-04-08 12:35:51] System.DEBUG: starting httpServer (TechDivision\WebServer\Servers\MultiThreadedServer) [] []
[2014-04-08 12:35:51] System.DEBUG: httpServer init authentication module (\TechDivision\WebServer\Modules\AuthenticationModule) [] []
[2014-04-08 12:35:51] System.DEBUG: httpServer init virtualHost module (\TechDivision\WebServer\Modules\VirtualHostModule) [] []
[2014-04-08 12:35:51] System.DEBUG: starting httpsServer (TechDivision\WebServer\Servers\MultiThreadedServer) [] []
[2014-04-08 12:35:51] System.DEBUG: httpsServer init authentication module (\TechDivision\WebServer\Modules\AuthenticationModule) [] []
[2014-04-08 12:35:51] System.DEBUG: httpsServer init virtualHost module (\TechDivision\WebServer\Modules\VirtualHostModule) [] []
[2014-04-08 12:35:51] System.DEBUG: httpServer init environmentVariable module (\TechDivision\WebServer\Modules\EnvironmentVariableModule) [] []
[2014-04-08 12:35:51] System.DEBUG: httpsServer init environmentVariable module (\TechDivision\WebServer\Modules\EnvironmentVariableModule) [] []
[2014-04-08 12:35:51] System.DEBUG: httpServer init rewrite module (\TechDivision\RewriteModule\RewriteModule) [] []
[2014-04-08 12:35:51] System.DEBUG: httpsServer init rewrite module (\TechDivision\RewriteModule\RewriteModule) [] []
[2014-04-08 12:35:51] System.DEBUG: httpServer init directory module (\TechDivision\WebServer\Modules\DirectoryModule) [] []
[2014-04-08 12:35:51] System.DEBUG: httpsServer init directory module (\TechDivision\WebServer\Modules\DirectoryModule) [] []
[2014-04-08 12:35:51] System.DEBUG: httpServer init access module (\TechDivision\WebServer\Modules\AccessModule) [] []
[2014-04-08 12:35:51] System.DEBUG: httpsServer init access module (\TechDivision\WebServer\Modules\AccessModule) [] []
[2014-04-08 12:35:51] System.DEBUG: httpServer init core module (\TechDivision\WebServer\Modules\CoreModule) [] []
[2014-04-08 12:35:51] System.DEBUG: httpsServer init core module (\TechDivision\WebServer\Modules\CoreModule) [] []
[2014-04-08 12:35:51] System.DEBUG: httpServer init php module (\TechDivision\PhpModule\PhpModule) [] []
[2014-04-08 12:35:51] System.DEBUG: httpsServer init php module (\TechDivision\PhpModule\PhpModule) [] []
[2014-04-08 12:35:51] System.DEBUG: httpsServer init connectionHandler (\TechDivision\Http\HttpConnectionHandler) [] []
[2014-04-08 12:35:51] System.DEBUG: httpServer init connectionHandler (\TechDivision\Http\HttpConnectionHandler) [] []
[2014-04-08 12:35:51] System.DEBUG: httpsServer starting 128 workers (\TechDivision\WebServer\Workers\ThreadWorker) [] []
[2014-04-08 12:35:51] System.DEBUG: httpServer starting 128 workers (\TechDivision\WebServer\Workers\ThreadWorker) [] []
[2014-04-08 12:35:53] System.INFO: httpServer listing on 0.0.0.0:9080... [] []
[2014-04-08 12:35:53] System.INFO: httpsServer listing on 0.0.0.0:9443... [] []
